GABE
GABI
GABY
GAGE
GAIL
GALE
GALI
GARY
GAYE
GENE
GENT
GERI
GIAN
GIGI
GILI
GINA
GINO
GITA
GIVA
GIZA
GLEN
GLYN
GRAM
GRAM
GREG
GREG
GREG
GREG
GURE
GURI
GWEN
GWYN
HADA
HALI
HANA
HANK
HANS
HART
HARU
HAWA
HEDY
HERA
HERB
HIDI
HIJA
HILA
HINA
HOLT
HOPE
HOWE
HUEY
HUGH
HUGO
HUSO
IDRA
IGGI
IGGY
ILIT
ILOM
ILSE
INEZ
INGA
INGE
IOLA
IONA
IRAM
IRAM
IRIA
IRIA
IRIS
IRIS
IRMA
IRMA
IRYL
IRYL
ISHA
ISHA
ISIS
ISIS
ISRA
ISRA
IVAN
IVIE
QUIN
QUON
QWIN
ZACH
ZACI
ZADA
ZAKI
ZANE
ZARA
ZAYN
ZAZA
ZAZU
ZEKE
ZEKI
ZENA
ZENE
ZILI
ZION
ZITA
ZIVA
ZIYA
ZIZI
ZOAN
ZOEY
ZOIE
ZOLA
ZONA
ZULA
ZYTA
